Analysis & Synthesis report for MIPS_VHDL
Mon Apr  3 23:14:20 2017
Quartus Prime Version 15.1.0 Build 185 10/21/2015 SJ Lite Edition


---------------------
; Table of Contents ;
---------------------
  1. Legal Notice
  2. Analysis & Synthesis Summary
  3. Analysis & Synthesis Settings
  4. Parallel Compilation
  5. Analysis & Synthesis Source Files Read
  6. Analysis & Synthesis Resource Usage Summary
  7. Analysis & Synthesis Resource Utilization by Entity
  8. General Register Statistics
  9. Post-Synthesis Netlist Statistics for Top Partition
 10. Elapsed Time Per Partition
 11. Analysis & Synthesis Messages



----------------
; Legal Notice ;
----------------
Copyright (C) 1991-2015 Altera Corporation. All rights reserved.
Your use of Altera Corporation's design tools, logic functions 
and other software and tools, and its AMPP partner logic 
functions, and any output files from any of the foregoing 
(including device programming or simulation files), and any 
associated documentation or information are expressly subject 
to the terms and conditions of the Altera Program License 
Subscription Agreement, the Altera Quartus Prime License Agreement,
the Altera MegaCore Function License Agreement, or other 
applicable license agreement, including, without limitation, 
that your use is for the sole purpose of programming logic 
devices manufactured by Altera and sold by Altera or its 
authorized distributors.  Please refer to the applicable 
agreement for further details.



+----------------------------------------------------------------------------------+
; Analysis & Synthesis Summary                                                     ;
+------------------------------------+---------------------------------------------+
; Analysis & Synthesis Status        ; Successful - Mon Apr  3 23:14:20 2017       ;
; Quartus Prime Version              ; 15.1.0 Build 185 10/21/2015 SJ Lite Edition ;
; Revision Name                      ; MIPS_VHDL                                   ;
; Top-level Entity Name              ; mips_vhdl                                   ;
; Family                             ; Cyclone IV E                                ;
; Total logic elements               ; 0                                           ;
;     Total combinational functions  ; 0                                           ;
;     Dedicated logic registers      ; 0                                           ;
; Total registers                    ; 0                                           ;
; Total pins                         ; 2                                           ;
; Total virtual pins                 ; 0                                           ;
; Total memory bits                  ; 0                                           ;
; Embedded Multiplier 9-bit elements ; 0                                           ;
; Total PLLs                         ; 0                                           ;
+------------------------------------+---------------------------------------------+


+----------------------------------------------------------------------------------------------------------------------+
; Analysis & Synthesis Settings                                                                                        ;
+----------------------------------------------------------------------------+--------------------+--------------------+
; Option                                                                     ; Setting            ; Default Value      ;
+----------------------------------------------------------------------------+--------------------+--------------------+
; Device                                                                     ; EP4CE115F29C7      ;                    ;
; Top-level entity name                                                      ; MIPS_VHDL          ; MIPS_VHDL          ;
; Family name                                                                ; Cyclone IV E       ; Cyclone V          ;
; Use smart compilation                                                      ; Off                ; Off                ;
; Enable parallel Assembler and TimeQuest Timing Analyzer during compilation ; On                 ; On                 ;
; Enable compact report table                                                ; Off                ; Off                ;
; Restructure Multiplexers                                                   ; Auto               ; Auto               ;
; Create Debugging Nodes for IP Cores                                        ; Off                ; Off                ;
; Preserve fewer node names                                                  ; On                 ; On                 ;
; Disable OpenCore Plus hardware evaluation                                  ; Off                ; Off                ;
; Verilog Version                                                            ; Verilog_2001       ; Verilog_2001       ;
; VHDL Version                                                               ; VHDL_1993          ; VHDL_1993          ;
; State Machine Processing                                                   ; Auto               ; Auto               ;
; Safe State Machine                                                         ; Off                ; Off                ;
; Extract Verilog State Machines                                             ; On                 ; On                 ;
; Extract VHDL State Machines                                                ; On                 ; On                 ;
; Ignore Verilog initial constructs                                          ; Off                ; Off                ;
; Iteration limit for constant Verilog loops                                 ; 5000               ; 5000               ;
; Iteration limit for non-constant Verilog loops                             ; 250                ; 250                ;
; Add Pass-Through Logic to Inferred RAMs                                    ; On                 ; On                 ;
; Infer RAMs from Raw Logic                                                  ; On                 ; On                 ;
; Parallel Synthesis                                                         ; On                 ; On                 ;
; DSP Block Balancing                                                        ; Auto               ; Auto               ;
; NOT Gate Push-Back                                                         ; On                 ; On                 ;
; Power-Up Don't Care                                                        ; On                 ; On                 ;
; Remove Redundant Logic Cells                                               ; Off                ; Off                ;
; Remove Duplicate Registers                                                 ; On                 ; On                 ;
; Ignore CARRY Buffers                                                       ; Off                ; Off                ;
; Ignore CASCADE Buffers                                                     ; Off                ; Off                ;
; Ignore GLOBAL Buffers                                                      ; Off                ; Off                ;
; Ignore ROW GLOBAL Buffers                                                  ; Off                ; Off                ;
; Ignore LCELL Buffers                                                       ; Off                ; Off                ;
; Ignore SOFT Buffers                                                        ; On                 ; On                 ;
; Limit AHDL Integers to 32 Bits                                             ; Off                ; Off                ;
; Optimization Technique                                                     ; Balanced           ; Balanced           ;
; Carry Chain Length                                                         ; 70                 ; 70                 ;
; Auto Carry Chains                                                          ; On                 ; On                 ;
; Auto Open-Drain Pins                                                       ; On                 ; On                 ;
; Perform WYSIWYG Primitive Resynthesis                                      ; Off                ; Off                ;
; Auto ROM Replacement                                                       ; On                 ; On                 ;
; Auto RAM Replacement                                                       ; On                 ; On                 ;
; Auto DSP Block Replacement                                                 ; On                 ; On                 ;
; Auto Shift Register Replacement                                            ; Auto               ; Auto               ;
; Allow Shift Register Merging across Hierarchies                            ; Auto               ; Auto               ;
; Auto Clock Enable Replacement                                              ; On                 ; On                 ;
; Strict RAM Replacement                                                     ; Off                ; Off                ;
; Allow Synchronous Control Signals                                          ; On                 ; On                 ;
; Force Use of Synchronous Clear Signals                                     ; Off                ; Off                ;
; Auto RAM Block Balancing                                                   ; On                 ; On                 ;
; Auto RAM to Logic Cell Conversion                                          ; Off                ; Off                ;
; Auto Resource Sharing                                                      ; Off                ; Off                ;
; Allow Any RAM Size For Recognition                                         ; Off                ; Off                ;
; Allow Any ROM Size For Recognition                                         ; Off                ; Off                ;
; Allow Any Shift Register Size For Recognition                              ; Off                ; Off                ;
; Use LogicLock Constraints during Resource Balancing                        ; On                 ; On                 ;
; Ignore translate_off and synthesis_off directives                          ; Off                ; Off                ;
; Timing-Driven Synthesis                                                    ; On                 ; On                 ;
; Report Parameter Settings                                                  ; On                 ; On                 ;
; Report Source Assignments                                                  ; On                 ; On                 ;
; Report Connectivity Checks                                                 ; On                 ; On                 ;
; Ignore Maximum Fan-Out Assignments                                         ; Off                ; Off                ;
; Synchronization Register Chain Length                                      ; 2                  ; 2                  ;
; PowerPlay Power Optimization During Synthesis                              ; Normal compilation ; Normal compilation ;
; HDL message level                                                          ; Level2             ; Level2             ;
; Suppress Register Optimization Related Messages                            ; Off                ; Off                ;
; Number of Removed Registers Reported in Synthesis Report                   ; 5000               ; 5000               ;
; Number of Swept Nodes Reported in Synthesis Report                         ; 5000               ; 5000               ;
; Number of Inverted Registers Reported in Synthesis Report                  ; 100                ; 100                ;
; Clock MUX Protection                                                       ; On                 ; On                 ;
; Auto Gated Clock Conversion                                                ; Off                ; Off                ;
; Block Design Naming                                                        ; Auto               ; Auto               ;
; SDC constraint protection                                                  ; Off                ; Off                ;
; Synthesis Effort                                                           ; Auto               ; Auto               ;
; Shift Register Replacement - Allow Asynchronous Clear Signal               ; On                 ; On                 ;
; Pre-Mapping Resynthesis Optimization                                       ; Off                ; Off                ;
; Analysis & Synthesis Message Level                                         ; Medium             ; Medium             ;
; Disable Register Merging Across Hierarchies                                ; Auto               ; Auto               ;
; Resource Aware Inference For Block RAM                                     ; On                 ; On                 ;
; Synthesis Seed                                                             ; 1                  ; 1                  ;
+----------------------------------------------------------------------------+--------------------+--------------------+


Parallel compilation was disabled, but you have multiple processors available. Enable parallel compilation to reduce compilation time.
+-------------------------------------+
; Parallel Compilation                ;
+----------------------------+--------+
; Processors                 ; Number ;
+----------------------------+--------+
; Number detected on machine ; 4      ;
; Maximum allowed            ; 1      ;
+----------------------------+--------+


+---------------------------------------------------------------------------------------------------------------------------+
; Analysis & Synthesis Source Files Read                                                                                    ;
+----------------------------------+-----------------+-----------------+------------------------------------------+---------+
; File Name with User-Entered Path ; Used in Netlist ; File Type       ; File Name with Absolute Path             ; Library ;
+----------------------------------+-----------------+-----------------+------------------------------------------+---------+
; MIPS_VHDL.vhd                    ; yes             ; User VHDL File  ; /home/breno/gitH/MIPS_VHDL/MIPS_VHDL.vhd ;         ;
+----------------------------------+-----------------+-----------------+------------------------------------------+---------+


+-----------------------------------------------------+
; Analysis & Synthesis Resource Usage Summary         ;
+---------------------------------------------+-------+
; Resource                                    ; Usage ;
+---------------------------------------------+-------+
;                                             ;       ;
; Total combinational functions               ; 0     ;
; Logic element usage by number of LUT inputs ;       ;
;     -- 4 input functions                    ; 0     ;
;     -- 3 input functions                    ; 0     ;
;     -- <=2 input functions                  ; 0     ;
;                                             ;       ;
; Logic elements by mode                      ;       ;
;     -- normal mode                          ; 0     ;
;     -- arithmetic mode                      ; 0     ;
;                                             ;       ;
; Total registers                             ; 0     ;
;     -- Dedicated logic registers            ; 0     ;
;     -- I/O registers                        ; 0     ;
;                                             ;       ;
; I/O pins                                    ; 2     ;
;                                             ;       ;
; Embedded Multiplier 9-bit elements          ; 0     ;
;                                             ;       ;
; Maximum fan-out node                        ; in0   ;
; Maximum fan-out                             ; 1     ;
; Total fan-out                               ; 2     ;
; Average fan-out                             ; 0.50  ;
+---------------------------------------------+-------+


+-----------------------------------------------------------------------------------------------------------------------------------------------------------------------------+
; Analysis & Synthesis Resource Utilization by Entity                                                                                                                         ;
+----------------------------+-------------------+--------------+-------------+--------------+---------+-----------+------+--------------+---------------------+--------------+
; Compilation Hierarchy Node ; LC Combinationals ; LC Registers ; Memory Bits ; DSP Elements ; DSP 9x9 ; DSP 18x18 ; Pins ; Virtual Pins ; Full Hierarchy Name ; Library Name ;
+----------------------------+-------------------+--------------+-------------+--------------+---------+-----------+------+--------------+---------------------+--------------+
; |mips_vhdl                 ; 0 (0)             ; 0 (0)        ; 0           ; 0            ; 0       ; 0         ; 2    ; 0            ; |mips_vhdl          ; work         ;
+----------------------------+-------------------+--------------+-------------+--------------+---------+-----------+------+--------------+---------------------+--------------+
Note: For table entries with two numbers listed, the numbers in parentheses indicate the number of resources of the given type used by the specific entity alone. The numbers listed outside of parentheses indicate the total resources of the given type used by the specific entity and all of its sub-entities in the hierarchy.


+------------------------------------------------------+
; General Register Statistics                          ;
+----------------------------------------------+-------+
; Statistic                                    ; Value ;
+----------------------------------------------+-------+
; Total registers                              ; 0     ;
; Number of registers using Synchronous Clear  ; 0     ;
; Number of registers using Synchronous Load   ; 0     ;
; Number of registers using Asynchronous Clear ; 0     ;
; Number of registers using Asynchronous Load  ; 0     ;
; Number of registers using Clock Enable       ; 0     ;
; Number of registers using Preset             ; 0     ;
+----------------------------------------------+-------+


+-----------------------------------------------------+
; Post-Synthesis Netlist Statistics for Top Partition ;
+-----------------------+-----------------------------+
; Type                  ; Count                       ;
+-----------------------+-----------------------------+
; boundary_port         ; 2                           ;
; cycloneiii_lcell_comb ; 1                           ;
;     normal            ; 1                           ;
;         0 data inputs ; 1                           ;
;                       ;                             ;
; Max LUT depth         ; 0.00                        ;
; Average LUT depth     ; 0.00                        ;
+-----------------------+-----------------------------+


+-------------------------------+
; Elapsed Time Per Partition    ;
+----------------+--------------+
; Partition Name ; Elapsed Time ;
+----------------+--------------+
; Top            ; 00:00:00     ;
+----------------+--------------+


+-------------------------------+
; Analysis & Synthesis Messages ;
+-------------------------------+
Info: *******************************************************************
Info: Running Quartus Prime Analysis & Synthesis
    Info: Version 15.1.0 Build 185 10/21/2015 SJ Lite Edition
    Info: Processing started: Mon Apr  3 23:13:47 2017
Info: Command: quartus_map --read_settings_files=on --write_settings_files=off MIPS_VHDL -c MIPS_VHDL
Warning (20028): Parallel compilation is not licensed and has been disabled
Info (12021): Found 2 design units, including 1 entities, in source file comp_mem_instrucoes.vhd
    Info (12022): Found design unit 1: comp_mem_instrucoes-behavior File: /home/breno/gitH/MIPS_VHDL/comp_mem_instrucoes.vhd Line: 14
    Info (12023): Found entity 1: comp_mem_instrucoes File: /home/breno/gitH/MIPS_VHDL/comp_mem_instrucoes.vhd Line: 4
Info (12021): Found 2 design units, including 1 entities, in source file comp_regP1_IF_ID.vhd
    Info (12022): Found design unit 1: comp_regP1_IF_ID-arc File: /home/breno/gitH/MIPS_VHDL/comp_regP1_IF_ID.vhd Line: 15
    Info (12023): Found entity 1: comp_regP1_IF_ID File: /home/breno/gitH/MIPS_VHDL/comp_regP1_IF_ID.vhd Line: 4
Info (12021): Found 2 design units, including 1 entities, in source file comp_registradores.vhd
    Info (12022): Found design unit 1: comp_registradores-behavior File: /home/breno/gitH/MIPS_VHDL/comp_registradores.vhd Line: 19
    Info (12023): Found entity 1: comp_registradores File: /home/breno/gitH/MIPS_VHDL/comp_registradores.vhd Line: 4
Info (12021): Found 2 design units, including 1 entities, in source file comp_PC.vhd
    Info (12022): Found design unit 1: comp_PC-arc File: /home/breno/gitH/MIPS_VHDL/comp_PC.vhd Line: 12
    Info (12023): Found entity 1: comp_PC File: /home/breno/gitH/MIPS_VHDL/comp_PC.vhd Line: 4
Info (12021): Found 2 design units, including 1 entities, in source file comp_regP4_MEM_WB.vhd
    Info (12022): Found design unit 1: comp_regP4_MEM_WB-arc File: /home/breno/gitH/MIPS_VHDL/comp_regP4_MEM_WB.vhd Line: 16
    Info (12023): Found entity 1: comp_regP4_MEM_WB File: /home/breno/gitH/MIPS_VHDL/comp_regP4_MEM_WB.vhd Line: 4
Info (12021): Found 2 design units, including 1 entities, in source file comp_regP3_EX_MEM.vhd
    Info (12022): Found design unit 1: comp_regP3_EX_MEM-arc File: /home/breno/gitH/MIPS_VHDL/comp_regP3_EX_MEM.vhd Line: 20
    Info (12023): Found entity 1: comp_regP3_EX_MEM File: /home/breno/gitH/MIPS_VHDL/comp_regP3_EX_MEM.vhd Line: 4
Info (12021): Found 2 design units, including 1 entities, in source file comp_regP2_ID_EX.vhd
    Info (12022): Found design unit 1: comp_regP2_ID_EX-arc File: /home/breno/gitH/MIPS_VHDL/comp_regP2_ID_EX.vhd Line: 19
    Info (12023): Found entity 1: comp_regP2_ID_EX File: /home/breno/gitH/MIPS_VHDL/comp_regP2_ID_EX.vhd Line: 4
Info (12021): Found 2 design units, including 1 entities, in source file comp_somador32.vhd
    Info (12022): Found design unit 1: comp_somador32-arc File: /home/breno/gitH/MIPS_VHDL/comp_somador32.vhd Line: 14
    Info (12023): Found entity 1: comp_somador32 File: /home/breno/gitH/MIPS_VHDL/comp_somador32.vhd Line: 6
Info (12021): Found 2 design units, including 1 entities, in source file comp_somadorPC.vhd
    Info (12022): Found design unit 1: comp_somadorPC-arc File: /home/breno/gitH/MIPS_VHDL/comp_somadorPC.vhd Line: 13
    Info (12023): Found entity 1: comp_somadorPC File: /home/breno/gitH/MIPS_VHDL/comp_somadorPC.vhd Line: 6
Info (12021): Found 2 design units, including 1 entities, in source file comp_mux2.vhd
    Info (12022): Found design unit 1: comp_mux2-behavior File: /home/breno/gitH/MIPS_VHDL/comp_mux2.vhd Line: 15
    Info (12023): Found entity 1: comp_mux2 File: /home/breno/gitH/MIPS_VHDL/comp_mux2.vhd Line: 4
Info (12021): Found 2 design units, including 1 entities, in source file comp_mux4.vhd
    Info (12022): Found design unit 1: comp_mux4-behavior File: /home/breno/gitH/MIPS_VHDL/comp_mux4.vhd Line: 17
    Info (12023): Found entity 1: comp_mux4 File: /home/breno/gitH/MIPS_VHDL/comp_mux4.vhd Line: 4
Info (12021): Found 2 design units, including 1 entities, in source file MIPS_VHDL.vhd
    Info (12022): Found design unit 1: mips_vhdl-behavior File: /home/breno/gitH/MIPS_VHDL/MIPS_VHDL.vhd Line: 12
    Info (12023): Found entity 1: mips_vhdl File: /home/breno/gitH/MIPS_VHDL/MIPS_VHDL.vhd Line: 4
Info (12127): Elaborating entity "MIPS_VHDL" for the top level hierarchy
Warning (10541): VHDL Signal Declaration warning at MIPS_VHDL.vhd(8): used implicit default value for signal "out0" because signal was never assigned a value or an explicit default value. Use of implicit default value may introduce unintended design optimizations. File: /home/breno/gitH/MIPS_VHDL/MIPS_VHDL.vhd Line: 8
Warning (13024): Output pins are stuck at VCC or GND
    Warning (13410): Pin "out0" is stuck at GND File: /home/breno/gitH/MIPS_VHDL/MIPS_VHDL.vhd Line: 8
Info (16010): Generating hard_block partition "hard_block:auto_generated_inst"
    Info (16011): Adding 0 node(s), including 0 DDIO, 0 PLL, 0 transceiver and 0 LCELL
Warning (21074): Design contains 1 input pin(s) that do not drive logic
    Warning (15610): No output dependent on input pin "in0" File: /home/breno/gitH/MIPS_VHDL/MIPS_VHDL.vhd Line: 6
Info (21057): Implemented 2 device resources after synthesis - the final resource count might be different
    Info (21058): Implemented 1 input pins
    Info (21059): Implemented 1 output pins
Info: Quartus Prime Analysis & Synthesis was successful. 0 errors, 6 warnings
    Info: Peak virtual memory: 1184 megabytes
    Info: Processing ended: Mon Apr  3 23:14:20 2017
    Info: Elapsed time: 00:00:33
    Info: Total CPU time (on all processors): 00:01:08


